running egg_info
writing ../../build/joy_serial_bridge/joy_serial_bridge.egg-info/PKG-INFO
writing dependency_links to ../../build/joy_serial_bridge/joy_serial_bridge.egg-info/dependency_links.txt
writing entry points to ../../build/joy_serial_bridge/joy_serial_bridge.egg-info/entry_points.txt
writing requirements to ../../build/joy_serial_bridge/joy_serial_bridge.egg-info/requires.txt
writing top-level names to ../../build/joy_serial_bridge/joy_serial_bridge.egg-info/top_level.txt
reading manifest file '../../build/joy_serial_bridge/joy_serial_bridge.egg-info/SOURCES.txt'
writing manifest file '../../build/joy_serial_bridge/joy_serial_bridge.egg-info/SOURCES.txt'
running build
running build_py
copying joy_serial_bridge/joy_to_ros_safe.py -> /workspace/Robocon25_codes/joy_py/build/joy_serial_bridge/build/lib/joy_serial_bridge
running install
running install_lib
copying /workspace/Robocon25_codes/joy_py/build/joy_serial_bridge/build/lib/joy_serial_bridge/joy_to_ros_safe.py -> /workspace/Robocon25_codes/joy_py/install/joy_serial_bridge/lib/python3.10/site-packages/joy_serial_bridge
byte-compiling /workspace/Robocon25_codes/joy_py/install/joy_serial_bridge/lib/python3.10/site-packages/joy_serial_bridge/joy_to_ros_safe.py to joy_to_ros_safe.cpython-310.pyc
running install_data
running install_egg_info
removing '/workspace/Robocon25_codes/joy_py/install/joy_serial_bridge/lib/python3.10/site-packages/joy_serial_bridge-0.1.0-py3.10.egg-info' (and everything under it)
Copying ../../build/joy_serial_bridge/joy_serial_bridge.egg-info to /workspace/Robocon25_codes/joy_py/install/joy_serial_bridge/lib/python3.10/site-packages/joy_serial_bridge-0.1.0-py3.10.egg-info
running install_scripts
Installing joy_to_ros script to /workspace/Robocon25_codes/joy_py/install/joy_serial_bridge/lib/joy_serial_bridge
Installing joy_to_serial script to /workspace/Robocon25_codes/joy_py/install/joy_serial_bridge/lib/joy_serial_bridge
writing list of installed files to '/workspace/Robocon25_codes/joy_py/build/joy_serial_bridge/install.log'
