[0.271s] DEBUG:colcon:Command line arguments: ['/usr/bin/colcon', 'build', '--packages-select', 'basketball_robot']
[0.271s] DEBUG:colcon:Parsed command line arguments: Namespace(log_base=None, log_level=None, verb_name='build', build_base='build', install_base='install', merge_install=False, symlink_install=False, test_result_base=None, continue_on_error=False, executor='parallel', parallel_workers=8, event_handlers=None, ignore_user_meta=False, metas=['./colcon.meta'], base_paths=['.'], packages_ignore=None, packages_ignore_regex=None, paths=None, packages_up_to=None, packages_up_to_regex=None, packages_above=None, packages_above_and_dependencies=None, packages_above_depth=None, packages_select_by_dep=None, packages_skip_by_dep=None, packages_skip_up_to=None, packages_select_build_failed=False, packages_skip_build_finished=False, packages_select_test_failures=False, packages_skip_test_passed=False, packages_select=['basketball_robot'], packages_skip=None, packages_select_regex=None, packages_skip_regex=None, packages_start=None, packages_end=None, cmake_args=None, cmake_target=None, cmake_target_skip_unavailable=False, cmake_clean_cache=False, cmake_clean_first=False, cmake_force_configure=False, ament_cmake_args=None, catkin_cmake_args=None, catkin_skip_building_tests=False, mixin_files=None, mixin=None, verb_parser=<colcon_mixin.mixin.mixin_argument.MixinArgumentDecorator object at 0x7fb493924430>, verb_extension=<colcon_core.verb.build.BuildVerb object at 0x7fb4938ef7f0>, main=<bound method BuildVerb.main of <colcon_core.verb.build.BuildVerb object at 0x7fb4938ef7f0>>, mixin_verb=('build',))
[0.610s] Level 1:colcon.colcon_core.package_discovery:discover_packages(colcon_meta) check parameters
[0.612s] INFO:colcon.colcon_metadata.package_discovery.colcon_meta:Using configuration from '/root/.colcon/metadata/default/Gazebo.meta'
[0.613s] INFO:colcon.colcon_metadata.package_discovery.colcon_meta:Using configuration from '/root/.colcon/metadata/default/fastrtps.meta'
[0.613s] Level 1:colcon.colcon_core.package_discovery:discover_packages(recursive) check parameters
[0.613s] Level 1:colcon.colcon_core.package_discovery:discover_packages(ignore) check parameters
[0.613s] Level 1:colcon.colcon_core.package_discovery:discover_packages(path) check parameters
[0.613s] Level 1:colcon.colcon_core.package_discovery:discover_packages(colcon_meta) discover
[0.613s] Level 1:colcon.colcon_core.package_discovery:discover_packages(recursive) discover
[0.613s] INFO:colcon.colcon_core.package_discovery:Crawling recursively for packages in '/workspace/Robocon25_codes/ros_depthCamera/src/basketball_robot'
[0.613s] Level 1:colcon.colcon_core.package_identification:_identify(.) by extensions ['ignore', 'ignore_ament_install']
[0.614s] Level 1:colcon.colcon_core.package_identification:_identify(.) by extension 'ignore'
[0.614s] Level 1:colcon.colcon_core.package_identification:_identify(.) by extension 'ignore_ament_install'
[0.614s] Level 1:colcon.colcon_core.package_identification:_identify(.) by extensions ['colcon_pkg']
[0.614s] Level 1:colcon.colcon_core.package_identification:_identify(.) by extension 'colcon_pkg'
[0.614s] Level 1:colcon.colcon_core.package_identification:_identify(.) by extensions ['colcon_meta']
[0.614s] Level 1:colcon.colcon_core.package_identification:_identify(.) by extension 'colcon_meta'
[0.614s] Level 1:colcon.colcon_core.package_identification:_identify(.) by extensions ['ros']
[0.614s] Level 1:colcon.colcon_core.package_identification:_identify(.) by extension 'ros'
[0.644s] DEBUG:colcon.colcon_core.package_identification:Package '.' with type 'ros.ament_python' and name 'basketball_robot'
[0.644s] Level 1:colcon.colcon_core.package_discovery:discover_packages(recursive) using defaults
[0.644s] Level 1:colcon.colcon_core.package_discovery:discover_packages(ignore) discover
[0.644s] Level 1:colcon.colcon_core.package_discovery:discover_packages(ignore) using defaults
[0.644s] Level 1:colcon.colcon_core.package_discovery:discover_packages(path) discover
[0.644s] Level 1:colcon.colcon_core.package_discovery:discover_packages(path) using defaults
[0.684s] Level 5:colcon.colcon_core.verb:set package 'basketball_robot' build argument 'cmake_args' from command line to 'None'
[0.685s] Level 5:colcon.colcon_core.verb:set package 'basketball_robot' build argument 'cmake_target' from command line to 'None'
[0.685s] Level 5:colcon.colcon_core.verb:set package 'basketball_robot' build argument 'cmake_target_skip_unavailable' from command line to 'False'
[0.685s] Level 5:colcon.colcon_core.verb:set package 'basketball_robot' build argument 'cmake_clean_cache' from command line to 'False'
[0.685s] Level 5:colcon.colcon_core.verb:set package 'basketball_robot' build argument 'cmake_clean_first' from command line to 'False'
[0.685s] Level 5:colcon.colcon_core.verb:set package 'basketball_robot' build argument 'cmake_force_configure' from command line to 'False'
[0.685s] Level 5:colcon.colcon_core.verb:set package 'basketball_robot' build argument 'ament_cmake_args' from command line to 'None'
[0.685s] Level 5:colcon.colcon_core.verb:set package 'basketball_robot' build argument 'catkin_cmake_args' from command line to 'None'
[0.685s] Level 5:colcon.colcon_core.verb:set package 'basketball_robot' build argument 'catkin_skip_building_tests' from command line to 'False'
[0.685s] DEBUG:colcon.colcon_core.verb:Building package 'basketball_robot' with the following arguments: {'ament_cmake_args': None, 'build_base': '/workspace/Robocon25_codes/ros_depthCamera/src/basketball_robot/build/basketball_robot', 'catkin_cmake_args': None, 'catkin_skip_building_tests': False, 'cmake_args': None, 'cmake_clean_cache': False, 'cmake_clean_first': False, 'cmake_force_configure': False, 'cmake_target': None, 'cmake_target_skip_unavailable': False, 'install_base': '/workspace/Robocon25_codes/ros_depthCamera/src/basketball_robot/install/basketball_robot', 'merge_install': False, 'path': '/workspace/Robocon25_codes/ros_depthCamera/src/basketball_robot', 'symlink_install': False, 'test_result_base': None}
[0.685s] INFO:colcon.colcon_core.executor:Executing jobs using 'parallel' executor
[0.687s] DEBUG:colcon.colcon_parallel_executor.executor.parallel:run_until_complete
[0.688s] INFO:colcon.colcon_ros.task.ament_python.build:Building ROS package in '/workspace/Robocon25_codes/ros_depthCamera/src/basketball_robot' with build type 'ament_python'
[0.688s] Level 1:colcon.colcon_core.shell:create_environment_hook('basketball_robot', 'ament_prefix_path')
[0.697s] INFO:colcon.colcon_core.plugin_system:Skipping extension 'colcon_core.shell.bat': Not used on non-Windows systems
[0.698s] INFO:colcon.colcon_core.shell:Creating environment hook '/workspace/Robocon25_codes/ros_depthCamera/src/basketball_robot/install/basketball_robot/share/basketball_robot/hook/ament_prefix_path.ps1'
[0.700s] INFO:colcon.colcon_core.shell:Creating environment descriptor '/workspace/Robocon25_codes/ros_depthCamera/src/basketball_robot/install/basketball_robot/share/basketball_robot/hook/ament_prefix_path.dsv'
[0.701s] INFO:colcon.colcon_core.shell:Creating environment hook '/workspace/Robocon25_codes/ros_depthCamera/src/basketball_robot/install/basketball_robot/share/basketball_robot/hook/ament_prefix_path.sh'
[0.703s] INFO:colcon.colcon_core.shell:Skip shell extension 'powershell' for command environment: Not usable outside of PowerShell
[0.703s] DEBUG:colcon.colcon_core.shell:Skip shell extension 'dsv' for command environment
[1.270s] INFO:colcon.colcon_core.task.python.build:Building Python package in '/workspace/Robocon25_codes/ros_depthCamera/src/basketball_robot'
[1.271s] INFO:colcon.colcon_core.shell:Skip shell extension 'powershell' for command environment: Not usable outside of PowerShell
[1.272s] DEBUG:colcon.colcon_core.shell:Skip shell extension 'dsv' for command environment
[2.029s] DEBUG:colcon.colcon_core.event_handler.log_command:Invoking command in '/workspace/Robocon25_codes/ros_depthCamera/src/basketball_robot': PS1=\[\e]0;\u@\h: \w\a\]${debian_chroot:+($debian_chroot)}\u@\h:\w\$ PYTHONPATH=/workspace/Robocon25_codes/ros_depthCamera/src/basketball_robot/build/basketball_robot/prefix_override:/usr/lib/python3/dist-packages/colcon_core/task/python/colcon_distutils_commands:/workspace/Robocon25_codes/ros_depthCamera/src/basketball_robot/install/basketball_robot/lib/python3.10/site-packages:${PYTHONPATH} /usr/bin/python3 -W ignore:setup.py install is deprecated -W ignore:easy_install command is deprecated setup.py egg_info --egg-base build/basketball_robot build --build-base /workspace/Robocon25_codes/ros_depthCamera/src/basketball_robot/build/basketball_robot/build install --record /workspace/Robocon25_codes/ros_depthCamera/src/basketball_robot/build/basketball_robot/install.log --single-version-externally-managed install_data
[2.656s] DEBUG:colcon.colcon_core.event_handler.log_command:Invoked command in '/workspace/Robocon25_codes/ros_depthCamera/src/basketball_robot' returned '0': PS1=\[\e]0;\u@\h: \w\a\]${debian_chroot:+($debian_chroot)}\u@\h:\w\$ PYTHONPATH=/workspace/Robocon25_codes/ros_depthCamera/src/basketball_robot/build/basketball_robot/prefix_override:/usr/lib/python3/dist-packages/colcon_core/task/python/colcon_distutils_commands:/workspace/Robocon25_codes/ros_depthCamera/src/basketball_robot/install/basketball_robot/lib/python3.10/site-packages:${PYTHONPATH} /usr/bin/python3 -W ignore:setup.py install is deprecated -W ignore:easy_install command is deprecated setup.py egg_info --egg-base build/basketball_robot build --build-base /workspace/Robocon25_codes/ros_depthCamera/src/basketball_robot/build/basketball_robot/build install --record /workspace/Robocon25_codes/ros_depthCamera/src/basketball_robot/build/basketball_robot/install.log --single-version-externally-managed install_data
[2.661s] Level 1:colcon.colcon_core.environment:checking '/workspace/Robocon25_codes/ros_depthCamera/src/basketball_robot/install/basketball_robot' for CMake module files
[2.662s] Level 1:colcon.colcon_core.environment:checking '/workspace/Robocon25_codes/ros_depthCamera/src/basketball_robot/install/basketball_robot' for CMake config files
[2.663s] Level 1:colcon.colcon_core.environment:checking '/workspace/Robocon25_codes/ros_depthCamera/src/basketball_robot/install/basketball_robot/lib'
[2.664s] Level 1:colcon.colcon_core.environment:checking '/workspace/Robocon25_codes/ros_depthCamera/src/basketball_robot/install/basketball_robot/bin'
[2.664s] Level 1:colcon.colcon_core.environment:checking '/workspace/Robocon25_codes/ros_depthCamera/src/basketball_robot/install/basketball_robot/lib/pkgconfig/basketball_robot.pc'
[2.664s] Level 1:colcon.colcon_core.environment:checking '/workspace/Robocon25_codes/ros_depthCamera/src/basketball_robot/install/basketball_robot/lib/python3.10/site-packages'
[2.664s] Level 1:colcon.colcon_core.shell:create_environment_hook('basketball_robot', 'pythonpath')
[2.665s] INFO:colcon.colcon_core.shell:Creating environment hook '/workspace/Robocon25_codes/ros_depthCamera/src/basketball_robot/install/basketball_robot/share/basketball_robot/hook/pythonpath.ps1'
[2.666s] INFO:colcon.colcon_core.shell:Creating environment descriptor '/workspace/Robocon25_codes/ros_depthCamera/src/basketball_robot/install/basketball_robot/share/basketball_robot/hook/pythonpath.dsv'
[2.666s] INFO:colcon.colcon_core.shell:Creating environment hook '/workspace/Robocon25_codes/ros_depthCamera/src/basketball_robot/install/basketball_robot/share/basketball_robot/hook/pythonpath.sh'
[2.667s] Level 1:colcon.colcon_core.environment:checking '/workspace/Robocon25_codes/ros_depthCamera/src/basketball_robot/install/basketball_robot/bin'
[2.668s] Level 1:colcon.colcon_core.environment:create_environment_scripts_only(basketball_robot)
[2.668s] INFO:colcon.colcon_core.shell:Creating package script '/workspace/Robocon25_codes/ros_depthCamera/src/basketball_robot/install/basketball_robot/share/basketball_robot/package.ps1'
[2.670s] INFO:colcon.colcon_core.shell:Creating package descriptor '/workspace/Robocon25_codes/ros_depthCamera/src/basketball_robot/install/basketball_robot/share/basketball_robot/package.dsv'
[2.672s] INFO:colcon.colcon_core.shell:Creating package script '/workspace/Robocon25_codes/ros_depthCamera/src/basketball_robot/install/basketball_robot/share/basketball_robot/package.sh'
[2.673s] INFO:colcon.colcon_core.shell:Creating package script '/workspace/Robocon25_codes/ros_depthCamera/src/basketball_robot/install/basketball_robot/share/basketball_robot/package.bash'
[2.675s] INFO:colcon.colcon_core.shell:Creating package script '/workspace/Robocon25_codes/ros_depthCamera/src/basketball_robot/install/basketball_robot/share/basketball_robot/package.zsh'
[2.676s] Level 1:colcon.colcon_core.environment:create_file_with_runtime_dependencies(/workspace/Robocon25_codes/ros_depthCamera/src/basketball_robot/install/basketball_robot/share/colcon-core/packages/basketball_robot)
[2.677s] DEBUG:colcon.colcon_parallel_executor.executor.parallel:closing loop
[2.677s] DEBUG:colcon.colcon_parallel_executor.executor.parallel:loop closed
[2.677s] DEBUG:colcon.colcon_parallel_executor.executor.parallel:run_until_complete finished with '0'
[2.678s] DEBUG:colcon.colcon_core.event_reactor:joining thread
[2.689s] INFO:colcon.colcon_core.plugin_system:Skipping extension 'colcon_notification.desktop_notification.notify_send': Could not find 'notify-send'
[2.689s] INFO:colcon.colcon_core.plugin_system:Skipping extension 'colcon_notification.desktop_notification.terminal_notifier': Not used on non-Darwin systems
[2.690s] INFO:colcon.colcon_core.plugin_system:Skipping extension 'colcon_notification.desktop_notification.win32': Not used on non-Windows systems
[2.690s] INFO:colcon.colcon_notification.desktop_notification:Sending desktop notification using 'notify2'
[2.690s] DEBUG:colcon.colcon_notification.desktop_notification.notify2:Failed to initialize notify2: org.freedesktop.DBus.Error.FileNotFound: Failed to connect to socket /run/dbus/system_bus_socket: No such file or directory
[2.690s] DEBUG:colcon.colcon_core.event_reactor:joined thread
[2.691s] INFO:colcon.colcon_core.shell:Creating prefix script '/workspace/Robocon25_codes/ros_depthCamera/src/basketball_robot/install/local_setup.ps1'
[2.693s] INFO:colcon.colcon_core.shell:Creating prefix util module '/workspace/Robocon25_codes/ros_depthCamera/src/basketball_robot/install/_local_setup_util_ps1.py'
[2.696s] INFO:colcon.colcon_core.shell:Creating prefix chain script '/workspace/Robocon25_codes/ros_depthCamera/src/basketball_robot/install/setup.ps1'
[2.698s] INFO:colcon.colcon_core.shell:Creating prefix script '/workspace/Robocon25_codes/ros_depthCamera/src/basketball_robot/install/local_setup.sh'
[2.699s] INFO:colcon.colcon_core.shell:Creating prefix util module '/workspace/Robocon25_codes/ros_depthCamera/src/basketball_robot/install/_local_setup_util_sh.py'
[2.701s] INFO:colcon.colcon_core.shell:Creating prefix chain script '/workspace/Robocon25_codes/ros_depthCamera/src/basketball_robot/install/setup.sh'
[2.703s] INFO:colcon.colcon_core.shell:Creating prefix script '/workspace/Robocon25_codes/ros_depthCamera/src/basketball_robot/install/local_setup.bash'
[2.704s] INFO:colcon.colcon_core.shell:Creating prefix chain script '/workspace/Robocon25_codes/ros_depthCamera/src/basketball_robot/install/setup.bash'
[2.707s] INFO:colcon.colcon_core.shell:Creating prefix script '/workspace/Robocon25_codes/ros_depthCamera/src/basketball_robot/install/local_setup.zsh'
[2.708s] INFO:colcon.colcon_core.shell:Creating prefix chain script '/workspace/Robocon25_codes/ros_depthCamera/src/basketball_robot/install/setup.zsh'
