[1.338s] Invoking command in '/workspace/Robocon25_codes/ros_depthCamera/src/basketball_robot': PS1=\[\e]0;\u@\h: \w\a\]${debian_chroot:+($debian_chroot)}\u@\h:\w\$ PYTHONPATH=/workspace/Robocon25_codes/ros_depthCamera/src/basketball_robot/build/basketball_robot/prefix_override:/usr/lib/python3/dist-packages/colcon_core/task/python/colcon_distutils_commands:/workspace/Robocon25_codes/ros_depthCamera/src/basketball_robot/install/basketball_robot/lib/python3.10/site-packages:${PYTHONPATH} /usr/bin/python3 -W ignore:setup.py install is deprecated -W ignore:easy_install command is deprecated setup.py egg_info --egg-base build/basketball_robot build --build-base /workspace/Robocon25_codes/ros_depthCamera/src/basketball_robot/build/basketball_robot/build install --record /workspace/Robocon25_codes/ros_depthCamera/src/basketball_robot/build/basketball_robot/install.log --single-version-externally-managed install_data
[1.837s] running egg_info
[1.838s] creating build/basketball_robot/basketball_robot.egg-info
[1.838s] writing build/basketball_robot/basketball_robot.egg-info/PKG-INFO
[1.839s] writing dependency_links to build/basketball_robot/basketball_robot.egg-info/dependency_links.txt
[1.839s] writing entry points to build/basketball_robot/basketball_robot.egg-info/entry_points.txt
[1.839s] writing requirements to build/basketball_robot/basketball_robot.egg-info/requires.txt
[1.839s] writing top-level names to build/basketball_robot/basketball_robot.egg-info/top_level.txt
[1.839s] writing manifest file 'build/basketball_robot/basketball_robot.egg-info/SOURCES.txt'
[1.843s] reading manifest file 'build/basketball_robot/basketball_robot.egg-info/SOURCES.txt'
[1.845s] writing manifest file 'build/basketball_robot/basketball_robot.egg-info/SOURCES.txt'
[1.845s] running build
[1.845s] running build_py
[1.845s] creating /workspace/Robocon25_codes/ros_depthCamera/src/basketball_robot/build/basketball_robot/build
[1.845s] creating /workspace/Robocon25_codes/ros_depthCamera/src/basketball_robot/build/basketball_robot/build/lib
[1.845s] creating /workspace/Robocon25_codes/ros_depthCamera/src/basketball_robot/build/basketball_robot/build/lib/basketball_robot
[1.845s] copying basketball_robot/smart_drive_bridge.py -> /workspace/Robocon25_codes/ros_depthCamera/src/basketball_robot/build/basketball_robot/build/lib/basketball_robot
[1.849s] copying basketball_robot/__init__.py -> /workspace/Robocon25_codes/ros_depthCamera/src/basketball_robot/build/basketball_robot/build/lib/basketball_robot
[1.849s] copying basketball_robot/basketball_detector.py -> /workspace/Robocon25_codes/ros_depthCamera/src/basketball_robot/build/basketball_robot/build/lib/basketball_robot
[1.849s] copying basketball_robot/drive_serial_bridge.py -> /workspace/Robocon25_codes/ros_depthCamera/src/basketball_robot/build/basketball_robot/build/lib/basketball_robot
[1.849s] running install
[1.850s] running install_lib
[1.852s] creating /workspace/Robocon25_codes/ros_depthCamera/src/basketball_robot/install/basketball_robot/lib/python3.10/site-packages/basketball_robot
[1.852s] copying /workspace/Robocon25_codes/ros_depthCamera/src/basketball_robot/build/basketball_robot/build/lib/basketball_robot/smart_drive_bridge.py -> /workspace/Robocon25_codes/ros_depthCamera/src/basketball_robot/install/basketball_robot/lib/python3.10/site-packages/basketball_robot
[1.852s] copying /workspace/Robocon25_codes/ros_depthCamera/src/basketball_robot/build/basketball_robot/build/lib/basketball_robot/__init__.py -> /workspace/Robocon25_codes/ros_depthCamera/src/basketball_robot/install/basketball_robot/lib/python3.10/site-packages/basketball_robot
[1.852s] copying /workspace/Robocon25_codes/ros_depthCamera/src/basketball_robot/build/basketball_robot/build/lib/basketball_robot/basketball_detector.py -> /workspace/Robocon25_codes/ros_depthCamera/src/basketball_robot/install/basketball_robot/lib/python3.10/site-packages/basketball_robot
[1.852s] copying /workspace/Robocon25_codes/ros_depthCamera/src/basketball_robot/build/basketball_robot/build/lib/basketball_robot/drive_serial_bridge.py -> /workspace/Robocon25_codes/ros_depthCamera/src/basketball_robot/install/basketball_robot/lib/python3.10/site-packages/basketball_robot
[1.853s] byte-compiling /workspace/Robocon25_codes/ros_depthCamera/src/basketball_robot/install/basketball_robot/lib/python3.10/site-packages/basketball_robot/smart_drive_bridge.py to smart_drive_bridge.cpython-310.pyc
[1.859s] byte-compiling /workspace/Robocon25_codes/ros_depthCamera/src/basketball_robot/install/basketball_robot/lib/python3.10/site-packages/basketball_robot/__init__.py to __init__.cpython-310.pyc
[1.859s] byte-compiling /workspace/Robocon25_codes/ros_depthCamera/src/basketball_robot/install/basketball_robot/lib/python3.10/site-packages/basketball_robot/basketball_detector.py to basketball_detector.cpython-310.pyc
[1.862s] byte-compiling /workspace/Robocon25_codes/ros_depthCamera/src/basketball_robot/install/basketball_robot/lib/python3.10/site-packages/basketball_robot/drive_serial_bridge.py to drive_serial_bridge.cpython-310.pyc
[1.867s] running install_data
[1.867s] creating /workspace/Robocon25_codes/ros_depthCamera/src/basketball_robot/install/basketball_robot/share/ament_index
[1.867s] creating /workspace/Robocon25_codes/ros_depthCamera/src/basketball_robot/install/basketball_robot/share/ament_index/resource_index
[1.867s] creating /workspace/Robocon25_codes/ros_depthCamera/src/basketball_robot/install/basketball_robot/share/ament_index/resource_index/packages
[1.867s] copying resource/basketball_robot -> /workspace/Robocon25_codes/ros_depthCamera/src/basketball_robot/install/basketball_robot/share/ament_index/resource_index/packages
[1.868s] copying package.xml -> /workspace/Robocon25_codes/ros_depthCamera/src/basketball_robot/install/basketball_robot/share/basketball_robot
[1.868s] copying launch/basketball_robot.launch.py -> /workspace/Robocon25_codes/ros_depthCamera/src/basketball_robot/install/basketball_robot/share/basketball_robot
[1.868s] running install_egg_info
[1.873s] Copying build/basketball_robot/basketball_robot.egg-info to /workspace/Robocon25_codes/ros_depthCamera/src/basketball_robot/install/basketball_robot/lib/python3.10/site-packages/basketball_robot-0.0.0-py3.10.egg-info
[1.875s] running install_scripts
[1.919s] Installing basketball_detector script to /workspace/Robocon25_codes/ros_depthCamera/src/basketball_robot/install/basketball_robot/lib/basketball_robot
[1.919s] Installing camera_display_node script to /workspace/Robocon25_codes/ros_depthCamera/src/basketball_robot/install/basketball_robot/lib/basketball_robot
[1.919s] Installing smart_drive_bridge script to /workspace/Robocon25_codes/ros_depthCamera/src/basketball_robot/install/basketball_robot/lib/basketball_robot
[1.920s] writing list of installed files to '/workspace/Robocon25_codes/ros_depthCamera/src/basketball_robot/build/basketball_robot/install.log'
[1.965s] Invoked command in '/workspace/Robocon25_codes/ros_depthCamera/src/basketball_robot' returned '0': PS1=\[\e]0;\u@\h: \w\a\]${debian_chroot:+($debian_chroot)}\u@\h:\w\$ PYTHONPATH=/workspace/Robocon25_codes/ros_depthCamera/src/basketball_robot/build/basketball_robot/prefix_override:/usr/lib/python3/dist-packages/colcon_core/task/python/colcon_distutils_commands:/workspace/Robocon25_codes/ros_depthCamera/src/basketball_robot/install/basketball_robot/lib/python3.10/site-packages:${PYTHONPATH} /usr/bin/python3 -W ignore:setup.py install is deprecated -W ignore:easy_install command is deprecated setup.py egg_info --egg-base build/basketball_robot build --build-base /workspace/Robocon25_codes/ros_depthCamera/src/basketball_robot/build/basketball_robot/build install --record /workspace/Robocon25_codes/ros_depthCamera/src/basketball_robot/build/basketball_robot/install.log --single-version-externally-managed install_data
