[0.748s] Invoking command in '/home/noblehalogen/Robocon25_codes/joy_serial_ws/src/joy_serial_bridge': DEBUGINFOD_URLS=https://debuginfod.ubuntu.com PYTHONPATH=/home/noblehalogen/Robocon25_codes/build/joy_serial_bridge/prefix_override:/usr/lib/python3/dist-packages/colcon_core/task/python/colcon_distutils_commands:/home/noblehalogen/Robocon25_codes/install/joy_serial_bridge/lib/python3.12/site-packages:${PYTHONPATH} /usr/bin/python3 -W ignore:setup.py install is deprecated -W ignore:easy_install command is deprecated setup.py egg_info --egg-base ../../../build/joy_serial_bridge build --build-base /home/noblehalogen/Robocon25_codes/build/joy_serial_bridge/build install --record /home/noblehalogen/Robocon25_codes/build/joy_serial_bridge/install.log --single-version-externally-managed install_data
[0.950s] running egg_info
[0.964s] writing ../../../build/joy_serial_bridge/joy_serial_bridge.egg-info/PKG-INFO
[0.970s] writing dependency_links to ../../../build/joy_serial_bridge/joy_serial_bridge.egg-info/dependency_links.txt
[0.970s] writing entry points to ../../../build/joy_serial_bridge/joy_serial_bridge.egg-info/entry_points.txt
[0.970s] writing requirements to ../../../build/joy_serial_bridge/joy_serial_bridge.egg-info/requires.txt
[0.970s] writing top-level names to ../../../build/joy_serial_bridge/joy_serial_bridge.egg-info/top_level.txt
[1.001s] reading manifest file '../../../build/joy_serial_bridge/joy_serial_bridge.egg-info/SOURCES.txt'
[1.002s] writing manifest file '../../../build/joy_serial_bridge/joy_serial_bridge.egg-info/SOURCES.txt'
[1.002s] running build
[1.002s] running build_py
[1.002s] running install
[1.008s] running install_lib
[1.025s] running install_data
[1.025s] running install_egg_info
[1.041s] removing '/home/noblehalogen/Robocon25_codes/install/joy_serial_bridge/lib/python3.12/site-packages/joy_serial_bridge-0.1.0-py3.12.egg-info' (and everything under it)
[1.042s] Copying ../../../build/joy_serial_bridge/joy_serial_bridge.egg-info to /home/noblehalogen/Robocon25_codes/install/joy_serial_bridge/lib/python3.12/site-packages/joy_serial_bridge-0.1.0-py3.12.egg-info
[1.043s] running install_scripts
[1.141s] Installing joy_to_serial script to /home/noblehalogen/Robocon25_codes/install/joy_serial_bridge/lib/joy_serial_bridge
[1.142s] writing list of installed files to '/home/noblehalogen/Robocon25_codes/build/joy_serial_bridge/install.log'
[1.167s] Invoked command in '/home/noblehalogen/Robocon25_codes/joy_serial_ws/src/joy_serial_bridge' returned '0': DEBUGINFOD_URLS=https://debuginfod.ubuntu.com PYTHONPATH=/home/noblehalogen/Robocon25_codes/build/joy_serial_bridge/prefix_override:/usr/lib/python3/dist-packages/colcon_core/task/python/colcon_distutils_commands:/home/noblehalogen/Robocon25_codes/install/joy_serial_bridge/lib/python3.12/site-packages:${PYTHONPATH} /usr/bin/python3 -W ignore:setup.py install is deprecated -W ignore:easy_install command is deprecated setup.py egg_info --egg-base ../../../build/joy_serial_bridge build --build-base /home/noblehalogen/Robocon25_codes/build/joy_serial_bridge/build install --record /home/noblehalogen/Robocon25_codes/build/joy_serial_bridge/install.log --single-version-externally-managed install_data
