[1.093s] Invoking command in '/home/noblehalogen/joy_serial_ws/src/joy_serial_bridge': DEBUGINFOD_URLS=https://debuginfod.ubuntu.com PYTHONPATH=/home/noblehalogen/joy_serial_ws/build/joy_serial_bridge/prefix_override:/usr/lib/python3/dist-packages/colcon_core/task/python/colcon_distutils_commands:/home/noblehalogen/joy_serial_ws/install/joy_serial_bridge/lib/python3.12/site-packages:${PYTHONPATH} /usr/bin/python3 -W ignore:setup.py install is deprecated -W ignore:easy_install command is deprecated setup.py egg_info --egg-base ../../build/joy_serial_bridge build --build-base /home/noblehalogen/joy_serial_ws/build/joy_serial_bridge/build install --record /home/noblehalogen/joy_serial_ws/build/joy_serial_bridge/install.log --single-version-externally-managed install_data
[1.415s] running egg_info
[1.415s] creating ../../build/joy_serial_bridge/joy_serial_bridge.egg-info
[1.436s] writing ../../build/joy_serial_bridge/joy_serial_bridge.egg-info/PKG-INFO
[1.436s] writing dependency_links to ../../build/joy_serial_bridge/joy_serial_bridge.egg-info/dependency_links.txt
[1.437s] writing entry points to ../../build/joy_serial_bridge/joy_serial_bridge.egg-info/entry_points.txt
[1.437s] writing requirements to ../../build/joy_serial_bridge/joy_serial_bridge.egg-info/requires.txt
[1.437s] writing top-level names to ../../build/joy_serial_bridge/joy_serial_bridge.egg-info/top_level.txt
[1.437s] writing manifest file '../../build/joy_serial_bridge/joy_serial_bridge.egg-info/SOURCES.txt'
[1.481s] reading manifest file '../../build/joy_serial_bridge/joy_serial_bridge.egg-info/SOURCES.txt'
[1.482s] writing manifest file '../../build/joy_serial_bridge/joy_serial_bridge.egg-info/SOURCES.txt'
[1.482s] running build
[1.482s] running build_py
[1.482s] creating /home/noblehalogen/joy_serial_ws/build/joy_serial_bridge/build
[1.482s] creating /home/noblehalogen/joy_serial_ws/build/joy_serial_bridge/build/lib
[1.482s] creating /home/noblehalogen/joy_serial_ws/build/joy_serial_bridge/build/lib/joy_serial_bridge
[1.482s] copying joy_serial_bridge/jot_to_serial.py -> /home/noblehalogen/joy_serial_ws/build/joy_serial_bridge/build/lib/joy_serial_bridge
[1.483s] copying joy_serial_bridge/__init__.py -> /home/noblehalogen/joy_serial_ws/build/joy_serial_bridge/build/lib/joy_serial_bridge
[1.483s] running install
[1.490s] running install_lib
[1.513s] creating /home/noblehalogen/joy_serial_ws/install/joy_serial_bridge/lib/python3.12/site-packages/joy_serial_bridge
[1.513s] copying /home/noblehalogen/joy_serial_ws/build/joy_serial_bridge/build/lib/joy_serial_bridge/jot_to_serial.py -> /home/noblehalogen/joy_serial_ws/install/joy_serial_bridge/lib/python3.12/site-packages/joy_serial_bridge
[1.514s] copying /home/noblehalogen/joy_serial_ws/build/joy_serial_bridge/build/lib/joy_serial_bridge/__init__.py -> /home/noblehalogen/joy_serial_ws/install/joy_serial_bridge/lib/python3.12/site-packages/joy_serial_bridge
[1.515s] byte-compiling /home/noblehalogen/joy_serial_ws/install/joy_serial_bridge/lib/python3.12/site-packages/joy_serial_bridge/jot_to_serial.py to jot_to_serial.cpython-312.pyc
[1.516s] byte-compiling /home/noblehalogen/joy_serial_ws/install/joy_serial_bridge/lib/python3.12/site-packages/joy_serial_bridge/__init__.py to __init__.cpython-312.pyc
[1.517s] running install_data
[1.519s] creating /home/noblehalogen/joy_serial_ws/install/joy_serial_bridge/share/ament_index
[1.519s] creating /home/noblehalogen/joy_serial_ws/install/joy_serial_bridge/share/ament_index/resource_index
[1.519s] creating /home/noblehalogen/joy_serial_ws/install/joy_serial_bridge/share/ament_index/resource_index/packages
[1.519s] copying resource/joy_serial_bridge -> /home/noblehalogen/joy_serial_ws/install/joy_serial_bridge/share/ament_index/resource_index/packages
[1.520s] copying package.xml -> /home/noblehalogen/joy_serial_ws/install/joy_serial_bridge/share/joy_serial_bridge
[1.520s] running install_egg_info
[1.552s] Copying ../../build/joy_serial_bridge/joy_serial_bridge.egg-info to /home/noblehalogen/joy_serial_ws/install/joy_serial_bridge/lib/python3.12/site-packages/joy_serial_bridge-0.1.0-py3.12.egg-info
[1.553s] running install_scripts
[1.725s] Installing joy_to_serial script to /home/noblehalogen/joy_serial_ws/install/joy_serial_bridge/lib/joy_serial_bridge
[1.725s] writing list of installed files to '/home/noblehalogen/joy_serial_ws/build/joy_serial_bridge/install.log'
[1.771s] Invoked command in '/home/noblehalogen/joy_serial_ws/src/joy_serial_bridge' returned '0': DEBUGINFOD_URLS=https://debuginfod.ubuntu.com PYTHONPATH=/home/noblehalogen/joy_serial_ws/build/joy_serial_bridge/prefix_override:/usr/lib/python3/dist-packages/colcon_core/task/python/colcon_distutils_commands:/home/noblehalogen/joy_serial_ws/install/joy_serial_bridge/lib/python3.12/site-packages:${PYTHONPATH} /usr/bin/python3 -W ignore:setup.py install is deprecated -W ignore:easy_install command is deprecated setup.py egg_info --egg-base ../../build/joy_serial_bridge build --build-base /home/noblehalogen/joy_serial_ws/build/joy_serial_bridge/build install --record /home/noblehalogen/joy_serial_ws/build/joy_serial_bridge/install.log --single-version-externally-managed install_data
