/workspace/Robocon25_codes/ros_depthCamera/src/basketball_robot/install/basketball_robot/lib/python3.10/site-packages/basketball_robot/smart_drive_bridge.py
/workspace/Robocon25_codes/ros_depthCamera/src/basketball_robot/install/basketball_robot/lib/python3.10/site-packages/basketball_robot/__init__.py
/workspace/Robocon25_codes/ros_depthCamera/src/basketball_robot/install/basketball_robot/lib/python3.10/site-packages/basketball_robot/basketball_detector.py
/workspace/Robocon25_codes/ros_depthCamera/src/basketball_robot/install/basketball_robot/lib/python3.10/site-packages/basketball_robot/drive_serial_bridge.py
/workspace/Robocon25_codes/ros_depthCamera/src/basketball_robot/install/basketball_robot/lib/python3.10/site-packages/basketball_robot/__pycache__/smart_drive_bridge.cpython-310.pyc
/workspace/Robocon25_codes/ros_depthCamera/src/basketball_robot/install/basketball_robot/lib/python3.10/site-packages/basketball_robot/__pycache__/__init__.cpython-310.pyc
/workspace/Robocon25_codes/ros_depthCamera/src/basketball_robot/install/basketball_robot/lib/python3.10/site-packages/basketball_robot/__pycache__/basketball_detector.cpython-310.pyc
/workspace/Robocon25_codes/ros_depthCamera/src/basketball_robot/install/basketball_robot/lib/python3.10/site-packages/basketball_robot/__pycache__/drive_serial_bridge.cpython-310.pyc
/workspace/Robocon25_codes/ros_depthCamera/src/basketball_robot/install/basketball_robot/share/ament_index/resource_index/packages/basketball_robot
/workspace/Robocon25_codes/ros_depthCamera/src/basketball_robot/install/basketball_robot/share/basketball_robot/package.xml
/workspace/Robocon25_codes/ros_depthCamera/src/basketball_robot/install/basketball_robot/share/basketball_robot/basketball_robot.launch.py
/workspace/Robocon25_codes/ros_depthCamera/src/basketball_robot/install/basketball_robot/lib/python3.10/site-packages/basketball_robot-0.0.0-py3.10.egg-info/entry_points.txt
/workspace/Robocon25_codes/ros_depthCamera/src/basketball_robot/install/basketball_robot/lib/python3.10/site-packages/basketball_robot-0.0.0-py3.10.egg-info/top_level.txt
/workspace/Robocon25_codes/ros_depthCamera/src/basketball_robot/install/basketball_robot/lib/python3.10/site-packages/basketball_robot-0.0.0-py3.10.egg-info/PKG-INFO
/workspace/Robocon25_codes/ros_depthCamera/src/basketball_robot/install/basketball_robot/lib/python3.10/site-packages/basketball_robot-0.0.0-py3.10.egg-info/dependency_links.txt
/workspace/Robocon25_codes/ros_depthCamera/src/basketball_robot/install/basketball_robot/lib/python3.10/site-packages/basketball_robot-0.0.0-py3.10.egg-info/zip-safe
/workspace/Robocon25_codes/ros_depthCamera/src/basketball_robot/install/basketball_robot/lib/python3.10/site-packages/basketball_robot-0.0.0-py3.10.egg-info/SOURCES.txt
/workspace/Robocon25_codes/ros_depthCamera/src/basketball_robot/install/basketball_robot/lib/python3.10/site-packages/basketball_robot-0.0.0-py3.10.egg-info/requires.txt
/workspace/Robocon25_codes/ros_depthCamera/src/basketball_robot/install/basketball_robot/lib/basketball_robot/basketball_detector
/workspace/Robocon25_codes/ros_depthCamera/src/basketball_robot/install/basketball_robot/lib/basketball_robot/camera_display_node
/workspace/Robocon25_codes/ros_depthCamera/src/basketball_robot/install/basketball_robot/lib/basketball_robot/smart_drive_bridge
