[0.423s] Invoking command in '/workspace/Robocon25_codes/ros_depthCamera/src/basketball_robot': PYTHONPATH=/workspace/Robocon25_codes/ros_depthCamera/build/basketball_robot/prefix_override:/usr/lib/python3/dist-packages/colcon_core/task/python/colcon_distutils_commands:/workspace/Robocon25_codes/ros_depthCamera/install/basketball_robot/lib/python3.10/site-packages:${PYTHONPATH} /usr/bin/python3 -W ignore:setup.py install is deprecated -W ignore:easy_install command is deprecated setup.py egg_info --egg-base ../../build/basketball_robot build --build-base /workspace/Robocon25_codes/ros_depthCamera/build/basketball_robot/build install --record /workspace/Robocon25_codes/ros_depthCamera/build/basketball_robot/install.log --single-version-externally-managed install_data
[0.577s] running egg_info
[0.578s] creating ../../build/basketball_robot/basketball_robot.egg-info
[0.578s] writing ../../build/basketball_robot/basketball_robot.egg-info/PKG-INFO
[0.578s] writing dependency_links to ../../build/basketball_robot/basketball_robot.egg-info/dependency_links.txt
[0.578s] writing entry points to ../../build/basketball_robot/basketball_robot.egg-info/entry_points.txt
[0.578s] writing requirements to ../../build/basketball_robot/basketball_robot.egg-info/requires.txt
[0.578s] writing top-level names to ../../build/basketball_robot/basketball_robot.egg-info/top_level.txt
[0.578s] writing manifest file '../../build/basketball_robot/basketball_robot.egg-info/SOURCES.txt'
[0.580s] reading manifest file '../../build/basketball_robot/basketball_robot.egg-info/SOURCES.txt'
[0.581s] writing manifest file '../../build/basketball_robot/basketball_robot.egg-info/SOURCES.txt'
[0.581s] running build
[0.581s] running build_py
[0.581s] creating /workspace/Robocon25_codes/ros_depthCamera/build/basketball_robot/build
[0.581s] creating /workspace/Robocon25_codes/ros_depthCamera/build/basketball_robot/build/lib
[0.581s] creating /workspace/Robocon25_codes/ros_depthCamera/build/basketball_robot/build/lib/basketball_robot
[0.581s] copying basketball_robot/smart_drive_bridge.py -> /workspace/Robocon25_codes/ros_depthCamera/build/basketball_robot/build/lib/basketball_robot
[0.581s] copying basketball_robot/__init__.py -> /workspace/Robocon25_codes/ros_depthCamera/build/basketball_robot/build/lib/basketball_robot
[0.581s] copying basketball_robot/realsense_basket_detector.py -> /workspace/Robocon25_codes/ros_depthCamera/build/basketball_robot/build/lib/basketball_robot
[0.581s] copying basketball_robot/basketball_detector.py -> /workspace/Robocon25_codes/ros_depthCamera/build/basketball_robot/build/lib/basketball_robot
[0.582s] copying basketball_robot/camara_display_node.py -> /workspace/Robocon25_codes/ros_depthCamera/build/basketball_robot/build/lib/basketball_robot
[0.583s] copying basketball_robot/drive_serial_bridge.py -> /workspace/Robocon25_codes/ros_depthCamera/build/basketball_robot/build/lib/basketball_robot
[0.583s] running install
[0.584s] running install_lib
[0.585s] creating /workspace/Robocon25_codes/ros_depthCamera/install/basketball_robot/lib/python3.10/site-packages/basketball_robot
[0.585s] copying /workspace/Robocon25_codes/ros_depthCamera/build/basketball_robot/build/lib/basketball_robot/smart_drive_bridge.py -> /workspace/Robocon25_codes/ros_depthCamera/install/basketball_robot/lib/python3.10/site-packages/basketball_robot
[0.585s] copying /workspace/Robocon25_codes/ros_depthCamera/build/basketball_robot/build/lib/basketball_robot/__init__.py -> /workspace/Robocon25_codes/ros_depthCamera/install/basketball_robot/lib/python3.10/site-packages/basketball_robot
[0.585s] copying /workspace/Robocon25_codes/ros_depthCamera/build/basketball_robot/build/lib/basketball_robot/realsense_basket_detector.py -> /workspace/Robocon25_codes/ros_depthCamera/install/basketball_robot/lib/python3.10/site-packages/basketball_robot
[0.585s] copying /workspace/Robocon25_codes/ros_depthCamera/build/basketball_robot/build/lib/basketball_robot/basketball_detector.py -> /workspace/Robocon25_codes/ros_depthCamera/install/basketball_robot/lib/python3.10/site-packages/basketball_robot
[0.585s] copying /workspace/Robocon25_codes/ros_depthCamera/build/basketball_robot/build/lib/basketball_robot/camara_display_node.py -> /workspace/Robocon25_codes/ros_depthCamera/install/basketball_robot/lib/python3.10/site-packages/basketball_robot
[0.585s] copying /workspace/Robocon25_codes/ros_depthCamera/build/basketball_robot/build/lib/basketball_robot/drive_serial_bridge.py -> /workspace/Robocon25_codes/ros_depthCamera/install/basketball_robot/lib/python3.10/site-packages/basketball_robot
[0.586s] byte-compiling /workspace/Robocon25_codes/ros_depthCamera/install/basketball_robot/lib/python3.10/site-packages/basketball_robot/smart_drive_bridge.py to smart_drive_bridge.cpython-310.pyc
[0.587s] byte-compiling /workspace/Robocon25_codes/ros_depthCamera/install/basketball_robot/lib/python3.10/site-packages/basketball_robot/__init__.py to __init__.cpython-310.pyc
[0.587s] byte-compiling /workspace/Robocon25_codes/ros_depthCamera/install/basketball_robot/lib/python3.10/site-packages/basketball_robot/realsense_basket_detector.py to realsense_basket_detector.cpython-310.pyc
[0.589s] byte-compiling /workspace/Robocon25_codes/ros_depthCamera/install/basketball_robot/lib/python3.10/site-packages/basketball_robot/basketball_detector.py to basketball_detector.cpython-310.pyc
[0.590s] byte-compiling /workspace/Robocon25_codes/ros_depthCamera/install/basketball_robot/lib/python3.10/site-packages/basketball_robot/camara_display_node.py to camara_display_node.cpython-310.pyc
[0.591s] byte-compiling /workspace/Robocon25_codes/ros_depthCamera/install/basketball_robot/lib/python3.10/site-packages/basketball_robot/drive_serial_bridge.py to drive_serial_bridge.cpython-310.pyc
[0.592s] running install_data
[0.593s] creating /workspace/Robocon25_codes/ros_depthCamera/install/basketball_robot/share/ament_index
[0.593s] creating /workspace/Robocon25_codes/ros_depthCamera/install/basketball_robot/share/ament_index/resource_index
[0.593s] creating /workspace/Robocon25_codes/ros_depthCamera/install/basketball_robot/share/ament_index/resource_index/packages
[0.593s] copying resource/basketball_robot -> /workspace/Robocon25_codes/ros_depthCamera/install/basketball_robot/share/ament_index/resource_index/packages
[0.593s] copying package.xml -> /workspace/Robocon25_codes/ros_depthCamera/install/basketball_robot/share/basketball_robot
[0.593s] copying launch/basketball_robot.launch.py -> /workspace/Robocon25_codes/ros_depthCamera/install/basketball_robot/share/basketball_robot
[0.593s] running install_egg_info
[0.594s] Copying ../../build/basketball_robot/basketball_robot.egg-info to /workspace/Robocon25_codes/ros_depthCamera/install/basketball_robot/lib/python3.10/site-packages/basketball_robot-0.0.0-py3.10.egg-info
[0.595s] running install_scripts
[0.611s] Installing basketball_detector script to /workspace/Robocon25_codes/ros_depthCamera/install/basketball_robot/lib/basketball_robot
[0.611s] Installing camera_display_node script to /workspace/Robocon25_codes/ros_depthCamera/install/basketball_robot/lib/basketball_robot
[0.611s] Installing realsense_basket_detector script to /workspace/Robocon25_codes/ros_depthCamera/install/basketball_robot/lib/basketball_robot
[0.611s] Installing smart_drive_bridge script to /workspace/Robocon25_codes/ros_depthCamera/install/basketball_robot/lib/basketball_robot
[0.611s] writing list of installed files to '/workspace/Robocon25_codes/ros_depthCamera/build/basketball_robot/install.log'
[0.629s] Invoked command in '/workspace/Robocon25_codes/ros_depthCamera/src/basketball_robot' returned '0': PYTHONPATH=/workspace/Robocon25_codes/ros_depthCamera/build/basketball_robot/prefix_override:/usr/lib/python3/dist-packages/colcon_core/task/python/colcon_distutils_commands:/workspace/Robocon25_codes/ros_depthCamera/install/basketball_robot/lib/python3.10/site-packages:${PYTHONPATH} /usr/bin/python3 -W ignore:setup.py install is deprecated -W ignore:easy_install command is deprecated setup.py egg_info --egg-base ../../build/basketball_robot build --build-base /workspace/Robocon25_codes/ros_depthCamera/build/basketball_robot/build install --record /workspace/Robocon25_codes/ros_depthCamera/build/basketball_robot/install.log --single-version-externally-managed install_data
