[1.126s] Invoking command in '/workspace/Robocon25_codes/ros_depthCamera/src/basketball_robot': PYTHONPATH=/workspace/Robocon25_codes/ros_depthCamera/build/basketball_robot/prefix_override:/usr/lib/python3/dist-packages/colcon_core/task/python/colcon_distutils_commands:/workspace/Robocon25_codes/ros_depthCamera/install/basketball_robot/lib/python3.10/site-packages:${PYTHONPATH} /usr/bin/python3 -W ignore:setup.py install is deprecated -W ignore:easy_install command is deprecated setup.py egg_info --egg-base ../../build/basketball_robot build --build-base /workspace/Robocon25_codes/ros_depthCamera/build/basketball_robot/build install --record /workspace/Robocon25_codes/ros_depthCamera/build/basketball_robot/install.log --single-version-externally-managed install_data
[1.569s] running egg_info
[1.570s] writing ../../build/basketball_robot/basketball_robot.egg-info/PKG-INFO
[1.570s] writing dependency_links to ../../build/basketball_robot/basketball_robot.egg-info/dependency_links.txt
[1.570s] writing entry points to ../../build/basketball_robot/basketball_robot.egg-info/entry_points.txt
[1.571s] writing requirements to ../../build/basketball_robot/basketball_robot.egg-info/requires.txt
[1.571s] writing top-level names to ../../build/basketball_robot/basketball_robot.egg-info/top_level.txt
[1.574s] reading manifest file '../../build/basketball_robot/basketball_robot.egg-info/SOURCES.txt'
[1.576s] writing manifest file '../../build/basketball_robot/basketball_robot.egg-info/SOURCES.txt'
[1.577s] running build
[1.577s] running build_py
[1.577s] copying basketball_robot/smart_drive_bridge.py -> /workspace/Robocon25_codes/ros_depthCamera/build/basketball_robot/build/lib/basketball_robot
[1.578s] running install
[1.578s] running install_lib
[1.580s] copying /workspace/Robocon25_codes/ros_depthCamera/build/basketball_robot/build/lib/basketball_robot/smart_drive_bridge.py -> /workspace/Robocon25_codes/ros_depthCamera/install/basketball_robot/lib/python3.10/site-packages/basketball_robot
[1.581s] byte-compiling /workspace/Robocon25_codes/ros_depthCamera/install/basketball_robot/lib/python3.10/site-packages/basketball_robot/smart_drive_bridge.py to smart_drive_bridge.cpython-310.pyc
[1.584s] running install_data
[1.585s] running install_egg_info
[1.588s] removing '/workspace/Robocon25_codes/ros_depthCamera/install/basketball_robot/lib/python3.10/site-packages/basketball_robot-0.0.0-py3.10.egg-info' (and everything under it)
[1.588s] Copying ../../build/basketball_robot/basketball_robot.egg-info to /workspace/Robocon25_codes/ros_depthCamera/install/basketball_robot/lib/python3.10/site-packages/basketball_robot-0.0.0-py3.10.egg-info
[1.590s] running install_scripts
[1.637s] Installing basketball_detector script to /workspace/Robocon25_codes/ros_depthCamera/install/basketball_robot/lib/basketball_robot
[1.637s] Installing camera_display_node script to /workspace/Robocon25_codes/ros_depthCamera/install/basketball_robot/lib/basketball_robot
[1.637s] Installing realsense_basket_detector script to /workspace/Robocon25_codes/ros_depthCamera/install/basketball_robot/lib/basketball_robot
[1.637s] Installing smart_drive_bridge script to /workspace/Robocon25_codes/ros_depthCamera/install/basketball_robot/lib/basketball_robot
[1.638s] writing list of installed files to '/workspace/Robocon25_codes/ros_depthCamera/build/basketball_robot/install.log'
[1.681s] Invoked command in '/workspace/Robocon25_codes/ros_depthCamera/src/basketball_robot' returned '0': PYTHONPATH=/workspace/Robocon25_codes/ros_depthCamera/build/basketball_robot/prefix_override:/usr/lib/python3/dist-packages/colcon_core/task/python/colcon_distutils_commands:/workspace/Robocon25_codes/ros_depthCamera/install/basketball_robot/lib/python3.10/site-packages:${PYTHONPATH} /usr/bin/python3 -W ignore:setup.py install is deprecated -W ignore:easy_install command is deprecated setup.py egg_info --egg-base ../../build/basketball_robot build --build-base /workspace/Robocon25_codes/ros_depthCamera/build/basketball_robot/build install --record /workspace/Robocon25_codes/ros_depthCamera/build/basketball_robot/install.log --single-version-externally-managed install_data
