[2.732s] Invoking command in '/home/noblehalogen/joy_serial_ws/src/joy_serial_bridge': DEBUGINFOD_URLS=https://debuginfod.ubuntu.com PYTHONPATH=/home/noblehalogen/joy_serial_ws/build/joy_serial_bridge/prefix_override:/usr/lib/python3/dist-packages/colcon_core/task/python/colcon_distutils_commands:/home/noblehalogen/joy_serial_ws/install/joy_serial_bridge/lib/python3.12/site-packages:${PYTHONPATH} /usr/bin/python3 -W ignore:setup.py install is deprecated -W ignore:easy_install command is deprecated setup.py egg_info --egg-base ../../build/joy_serial_bridge build --build-base /home/noblehalogen/joy_serial_ws/build/joy_serial_bridge/build install --record /home/noblehalogen/joy_serial_ws/build/joy_serial_bridge/install.log --single-version-externally-managed install_data
[3.000s] running egg_info
[3.020s] writing ../../build/joy_serial_bridge/joy_serial_bridge.egg-info/PKG-INFO
[3.020s] writing dependency_links to ../../build/joy_serial_bridge/joy_serial_bridge.egg-info/dependency_links.txt
[3.020s] writing entry points to ../../build/joy_serial_bridge/joy_serial_bridge.egg-info/entry_points.txt
[3.020s] writing requirements to ../../build/joy_serial_bridge/joy_serial_bridge.egg-info/requires.txt
[3.020s] writing top-level names to ../../build/joy_serial_bridge/joy_serial_bridge.egg-info/top_level.txt
[3.063s] reading manifest file '../../build/joy_serial_bridge/joy_serial_bridge.egg-info/SOURCES.txt'
[3.064s] writing manifest file '../../build/joy_serial_bridge/joy_serial_bridge.egg-info/SOURCES.txt'
[3.065s] running build
[3.065s] running build_py
[3.065s] copying joy_serial_bridge/joy_to_serial.py -> /home/noblehalogen/joy_serial_ws/build/joy_serial_bridge/build/lib/joy_serial_bridge
[3.065s] running install
[3.073s] running install_lib
[3.097s] copying /home/noblehalogen/joy_serial_ws/build/joy_serial_bridge/build/lib/joy_serial_bridge/joy_to_serial.py -> /home/noblehalogen/joy_serial_ws/install/joy_serial_bridge/lib/python3.12/site-packages/joy_serial_bridge
[3.098s] byte-compiling /home/noblehalogen/joy_serial_ws/install/joy_serial_bridge/lib/python3.12/site-packages/joy_serial_bridge/joy_to_serial.py to joy_to_serial.cpython-312.pyc
[3.099s] running install_data
[3.099s] running install_egg_info
[3.123s] removing '/home/noblehalogen/joy_serial_ws/install/joy_serial_bridge/lib/python3.12/site-packages/joy_serial_bridge-0.1.0-py3.12.egg-info' (and everything under it)
[3.123s] Copying ../../build/joy_serial_bridge/joy_serial_bridge.egg-info to /home/noblehalogen/joy_serial_ws/install/joy_serial_bridge/lib/python3.12/site-packages/joy_serial_bridge-0.1.0-py3.12.egg-info
[3.124s] running install_scripts
[3.272s] Installing joy_to_serial script to /home/noblehalogen/joy_serial_ws/install/joy_serial_bridge/lib/joy_serial_bridge
[3.272s] writing list of installed files to '/home/noblehalogen/joy_serial_ws/build/joy_serial_bridge/install.log'
[3.309s] Invoked command in '/home/noblehalogen/joy_serial_ws/src/joy_serial_bridge' returned '0': DEBUGINFOD_URLS=https://debuginfod.ubuntu.com PYTHONPATH=/home/noblehalogen/joy_serial_ws/build/joy_serial_bridge/prefix_override:/usr/lib/python3/dist-packages/colcon_core/task/python/colcon_distutils_commands:/home/noblehalogen/joy_serial_ws/install/joy_serial_bridge/lib/python3.12/site-packages:${PYTHONPATH} /usr/bin/python3 -W ignore:setup.py install is deprecated -W ignore:easy_install command is deprecated setup.py egg_info --egg-base ../../build/joy_serial_bridge build --build-base /home/noblehalogen/joy_serial_ws/build/joy_serial_bridge/build install --record /home/noblehalogen/joy_serial_ws/build/joy_serial_bridge/install.log --single-version-externally-managed install_data
