[0.436s] Invoking command in '/workspace/Robocon25_codes/joy_py/src/joy_serial_bridge': PYTHONPATH=/workspace/Robocon25_codes/joy_py/build/joy_serial_bridge/prefix_override:/usr/lib/python3/dist-packages/colcon_core/task/python/colcon_distutils_commands:/workspace/Robocon25_codes/joy_py/install/joy_serial_bridge/lib/python3.10/site-packages:${PYTHONPATH} /usr/bin/python3 -W ignore:setup.py install is deprecated -W ignore:easy_install command is deprecated setup.py egg_info --egg-base ../../build/joy_serial_bridge build --build-base /workspace/Robocon25_codes/joy_py/build/joy_serial_bridge/build install --record /workspace/Robocon25_codes/joy_py/build/joy_serial_bridge/install.log --single-version-externally-managed install_data
[0.592s] running egg_info
[0.598s] writing ../../build/joy_serial_bridge/joy_serial_bridge.egg-info/PKG-INFO
[0.598s] writing dependency_links to ../../build/joy_serial_bridge/joy_serial_bridge.egg-info/dependency_links.txt
[0.599s] writing entry points to ../../build/joy_serial_bridge/joy_serial_bridge.egg-info/entry_points.txt
[0.599s] writing requirements to ../../build/joy_serial_bridge/joy_serial_bridge.egg-info/requires.txt
[0.599s] writing top-level names to ../../build/joy_serial_bridge/joy_serial_bridge.egg-info/top_level.txt
[0.600s] reading manifest file '../../build/joy_serial_bridge/joy_serial_bridge.egg-info/SOURCES.txt'
[0.601s] writing manifest file '../../build/joy_serial_bridge/joy_serial_bridge.egg-info/SOURCES.txt'
[0.601s] running build
[0.601s] running build_py
[0.601s] copying joy_serial_bridge/joy_to_ros.py -> /workspace/Robocon25_codes/joy_py/build/joy_serial_bridge/build/lib/joy_serial_bridge
[0.602s] running install
[0.602s] running install_lib
[0.603s] copying /workspace/Robocon25_codes/joy_py/build/joy_serial_bridge/build/lib/joy_serial_bridge/joy_to_ros.py -> /workspace/Robocon25_codes/joy_py/install/joy_serial_bridge/lib/python3.10/site-packages/joy_serial_bridge
[0.604s] byte-compiling /workspace/Robocon25_codes/joy_py/install/joy_serial_bridge/lib/python3.10/site-packages/joy_serial_bridge/joy_to_ros.py to joy_to_ros.cpython-310.pyc
[0.605s] running install_data
[0.606s] running install_egg_info
[0.608s] removing '/workspace/Robocon25_codes/joy_py/install/joy_serial_bridge/lib/python3.10/site-packages/joy_serial_bridge-0.1.0-py3.10.egg-info' (and everything under it)
[0.608s] Copying ../../build/joy_serial_bridge/joy_serial_bridge.egg-info to /workspace/Robocon25_codes/joy_py/install/joy_serial_bridge/lib/python3.10/site-packages/joy_serial_bridge-0.1.0-py3.10.egg-info
[0.609s] running install_scripts
[0.625s] Installing joy_to_ros script to /workspace/Robocon25_codes/joy_py/install/joy_serial_bridge/lib/joy_serial_bridge
[0.625s] Installing joy_to_serial script to /workspace/Robocon25_codes/joy_py/install/joy_serial_bridge/lib/joy_serial_bridge
[0.625s] writing list of installed files to '/workspace/Robocon25_codes/joy_py/build/joy_serial_bridge/install.log'
[0.648s] Invoked command in '/workspace/Robocon25_codes/joy_py/src/joy_serial_bridge' returned '0': PYTHONPATH=/workspace/Robocon25_codes/joy_py/build/joy_serial_bridge/prefix_override:/usr/lib/python3/dist-packages/colcon_core/task/python/colcon_distutils_commands:/workspace/Robocon25_codes/joy_py/install/joy_serial_bridge/lib/python3.10/site-packages:${PYTHONPATH} /usr/bin/python3 -W ignore:setup.py install is deprecated -W ignore:easy_install command is deprecated setup.py egg_info --egg-base ../../build/joy_serial_bridge build --build-base /workspace/Robocon25_codes/joy_py/build/joy_serial_bridge/build install --record /workspace/Robocon25_codes/joy_py/build/joy_serial_bridge/install.log --single-version-externally-managed install_data
