[0.579s] Invoking command in '/workspace/Robocon25_codes/ros_depthCamera/src/basketball_robot': PYTHONPATH=/workspace/Robocon25_codes/ros_depthCamera/build/basketball_robot/prefix_override:/usr/lib/python3/dist-packages/colcon_core/task/python/colcon_distutils_commands:/workspace/Robocon25_codes/ros_depthCamera/install/basketball_robot/lib/python3.10/site-packages:${PYTHONPATH} /usr/bin/python3 -W ignore:setup.py install is deprecated -W ignore:easy_install command is deprecated setup.py egg_info --egg-base ../../build/basketball_robot build --build-base /workspace/Robocon25_codes/ros_depthCamera/build/basketball_robot/build install --record /workspace/Robocon25_codes/ros_depthCamera/build/basketball_robot/install.log --single-version-externally-managed install_data
[0.778s] running egg_info
[0.779s] writing ../../build/basketball_robot/basketball_robot.egg-info/PKG-INFO
[0.779s] writing dependency_links to ../../build/basketball_robot/basketball_robot.egg-info/dependency_links.txt
[0.779s] writing entry points to ../../build/basketball_robot/basketball_robot.egg-info/entry_points.txt
[0.779s] writing requirements to ../../build/basketball_robot/basketball_robot.egg-info/requires.txt
[0.779s] writing top-level names to ../../build/basketball_robot/basketball_robot.egg-info/top_level.txt
[0.781s] reading manifest file '../../build/basketball_robot/basketball_robot.egg-info/SOURCES.txt'
[0.782s] writing manifest file '../../build/basketball_robot/basketball_robot.egg-info/SOURCES.txt'
[0.782s] running build
[0.782s] running build_py
[0.782s] copying basketball_robot/smart_drive_bridge.py -> /workspace/Robocon25_codes/ros_depthCamera/build/basketball_robot/build/lib/basketball_robot
[0.782s] running install
[0.782s] running install_lib
[0.783s] copying /workspace/Robocon25_codes/ros_depthCamera/build/basketball_robot/build/lib/basketball_robot/smart_drive_bridge.py -> /workspace/Robocon25_codes/ros_depthCamera/install/basketball_robot/lib/python3.10/site-packages/basketball_robot
[0.783s] byte-compiling /workspace/Robocon25_codes/ros_depthCamera/install/basketball_robot/lib/python3.10/site-packages/basketball_robot/smart_drive_bridge.py to smart_drive_bridge.cpython-310.pyc
[0.785s] running install_data
[0.785s] running install_egg_info
[0.787s] removing '/workspace/Robocon25_codes/ros_depthCamera/install/basketball_robot/lib/python3.10/site-packages/basketball_robot-0.0.0-py3.10.egg-info' (and everything under it)
[0.787s] Copying ../../build/basketball_robot/basketball_robot.egg-info to /workspace/Robocon25_codes/ros_depthCamera/install/basketball_robot/lib/python3.10/site-packages/basketball_robot-0.0.0-py3.10.egg-info
[0.787s] running install_scripts
[0.808s] Installing basketball_detector script to /workspace/Robocon25_codes/ros_depthCamera/install/basketball_robot/lib/basketball_robot
[0.808s] Installing camera_display_node script to /workspace/Robocon25_codes/ros_depthCamera/install/basketball_robot/lib/basketball_robot
[0.808s] Installing realsense_basket_detector script to /workspace/Robocon25_codes/ros_depthCamera/install/basketball_robot/lib/basketball_robot
[0.808s] Installing smart_drive_bridge script to /workspace/Robocon25_codes/ros_depthCamera/install/basketball_robot/lib/basketball_robot
[0.809s] writing list of installed files to '/workspace/Robocon25_codes/ros_depthCamera/build/basketball_robot/install.log'
[0.838s] Invoked command in '/workspace/Robocon25_codes/ros_depthCamera/src/basketball_robot' returned '0': PYTHONPATH=/workspace/Robocon25_codes/ros_depthCamera/build/basketball_robot/prefix_override:/usr/lib/python3/dist-packages/colcon_core/task/python/colcon_distutils_commands:/workspace/Robocon25_codes/ros_depthCamera/install/basketball_robot/lib/python3.10/site-packages:${PYTHONPATH} /usr/bin/python3 -W ignore:setup.py install is deprecated -W ignore:easy_install command is deprecated setup.py egg_info --egg-base ../../build/basketball_robot build --build-base /workspace/Robocon25_codes/ros_depthCamera/build/basketball_robot/build install --record /workspace/Robocon25_codes/ros_depthCamera/build/basketball_robot/install.log --single-version-externally-managed install_data
